{
  "stats": {
    "suites": 1,
    "tests": 1,
    "passes": 1,
    "pending": 0,
    "failures": 0,
    "start": "2023-05-07T06:10:58.039Z",
    "end": "2023-05-07T06:10:59.566Z",
    "duration": 1527,
    "testsRegistered": 1,
    "passPercent": 100,
    "pendingPercent": 0,
    "other": 0,
    "hasOther": false,
    "skipped": 0,
    "hasSkipped": false
  },
  "results": [
    {
      "uuid": "d2a567a5-1ea4-44ca-814f-b0389213bc5b",
      "title": "",
      "fullFile": "/Users/Chandan/Desktop/super_API/test/post.js",
      "file": "/test/post.js",
      "beforeHooks": [],
      "afterHooks": [],
      "tests": [],
      "suites": [
        {
          "uuid": "650bc604-1855-40aa-9d1c-f945fcb23b92",
          "title": "Users",
          "fullFile": "/Users/Chandan/Desktop/super_API/test/post.js",
          "file": "/test/post.js",
          "beforeHooks": [],
          "afterHooks": [],
          "tests": [
            {
              "title": "Validate response code and user details.",
              "fullTitle": "Users Validate response code and user details.",
              "timedOut": false,
              "duration": 1523,
              "state": "passed",
              "speed": "slow",
              "pass": true,
              "fail": false,
              "pending": false,
              "context": null,
              "code": "return request.post('users').then(function (res) {\n  (0, _chai.expect)(res.status).to.equal(201);\n  // expect(res.body.page).to.equal(1);\n  // expect(res.body.per_page).to.equal(6);\n  // expect(res.body.total).to.equal(12);\n  // expect(res.body.total_pages).to.equal(2);\n});",
              "err": {},
              "uuid": "284a589e-895b-40f3-9065-17a0f434f882",
              "parentUUID": "650bc604-1855-40aa-9d1c-f945fcb23b92",
              "isHook": false,
              "skipped": false
            }
          ],
          "suites": [],
          "passes": [
            "284a589e-895b-40f3-9065-17a0f434f882"
          ],
          "failures": [],
          "pending": [],
          "skipped": [],
          "duration": 1523,
          "root": false,
          "rootEmpty": false,
          "_timeout": 2000
        }
      ],
      "passes": [],
      "failures": [],
      "pending": [],
      "skipped": [],
      "duration": 0,
      "root": true,
      "rootEmpty": true,
      "_timeout": 2000
    }
  ],
  "meta": {
    "mocha": {
      "version": "10.2.0"
    },
    "mochawesome": {
      "options": {
        "quiet": false,
        "reportFilename": "mochawesome",
        "saveHtml": true,
        "saveJson": true,
        "consoleReporter": "spec",
        "useInlineDiffs": false,
        "code": true
      },
      "version": "7.1.3"
    },
    "marge": {
      "options": null,
      "version": "6.2.0"
    }
  }
}